  Source.cpp
C:\Users\Admin\Desktop\Tar UC\Code\Assignment-Robot\Assignment Project\Source.cpp(30,18): warning C4305: '+=': truncation from 'double' to 'float'
C:\Users\Admin\Desktop\Tar UC\Code\Assignment-Robot\Assignment Project\Source.cpp(32,18): warning C4305: '-=': truncation from 'double' to 'float'
C:\Users\Admin\Desktop\Tar UC\Code\Assignment-Robot\Assignment Project\Source.cpp(173,27): warning C4305: 'argument': truncation from 'double' to 'GLfloat'
C:\Users\Admin\Desktop\Tar UC\Code\Assignment-Robot\Assignment Project\Source.cpp(174,27): warning C4305: 'argument': truncation from 'double' to 'GLfloat'
C:\Users\Admin\Desktop\Tar UC\Code\Assignment-Robot\Assignment Project\Source.cpp(178,27): warning C4305: 'argument': truncation from 'double' to 'GLfloat'
C:\Users\Admin\Desktop\Tar UC\Code\Assignment-Robot\Assignment Project\Source.cpp(179,27): warning C4305: 'argument': truncation from 'double' to 'GLfloat'
C:\Users\Admin\Desktop\Tar UC\Code\Assignment-Robot\Assignment Project\Source.cpp(180,27): warning C4305: 'argument': truncation from 'double' to 'GLfloat'
C:\Users\Admin\Desktop\Tar UC\Code\Assignment-Robot\Assignment Project\Source.cpp(181,27): warning C4305: 'argument': truncation from 'double' to 'GLfloat'
C:\Users\Admin\Desktop\Tar UC\Code\Assignment-Robot\Assignment Project\Source.cpp(185,27): warning C4305: 'argument': truncation from 'double' to 'GLfloat'
C:\Users\Admin\Desktop\Tar UC\Code\Assignment-Robot\Assignment Project\Source.cpp(186,27): warning C4305: 'argument': truncation from 'double' to 'GLfloat'
C:\Users\Admin\Desktop\Tar UC\Code\Assignment-Robot\Assignment Project\Source.cpp(187,27): warning C4305: 'argument': truncation from 'double' to 'GLfloat'
C:\Users\Admin\Desktop\Tar UC\Code\Assignment-Robot\Assignment Project\Source.cpp(191,27): warning C4305: 'argument': truncation from 'double' to 'GLfloat'
C:\Users\Admin\Desktop\Tar UC\Code\Assignment-Robot\Assignment Project\Source.cpp(192,27): warning C4305: 'argument': truncation from 'double' to 'GLfloat'
C:\Users\Admin\Desktop\Tar UC\Code\Assignment-Robot\Assignment Project\Source.cpp(193,27): warning C4305: 'argument': truncation from 'double' to 'GLfloat'
C:\Users\Admin\Desktop\Tar UC\Code\Assignment-Robot\Assignment Project\Source.cpp(198,27): warning C4305: 'argument': truncation from 'double' to 'GLfloat'
C:\Users\Admin\Desktop\Tar UC\Code\Assignment-Robot\Assignment Project\Source.cpp(199,27): warning C4305: 'argument': truncation from 'double' to 'GLfloat'
C:\Users\Admin\Desktop\Tar UC\Code\Assignment-Robot\Assignment Project\Source.cpp(202,27): warning C4305: 'argument': truncation from 'double' to 'GLfloat'
C:\Users\Admin\Desktop\Tar UC\Code\Assignment-Robot\Assignment Project\Source.cpp(203,27): warning C4305: 'argument': truncation from 'double' to 'GLfloat'
C:\Users\Admin\Desktop\Tar UC\Code\Assignment-Robot\Assignment Project\Source.cpp(204,27): warning C4305: 'argument': truncation from 'double' to 'GLfloat'
C:\Users\Admin\Desktop\Tar UC\Code\Assignment-Robot\Assignment Project\Source.cpp(205,27): warning C4305: 'argument': truncation from 'double' to 'GLfloat'
C:\Users\Admin\Desktop\Tar UC\Code\Assignment-Robot\Assignment Project\Source.cpp(208,2): error C3861: 'firstFinger': identifier not found
C:\Users\Admin\Desktop\Tar UC\Code\Assignment-Robot\Assignment Project\Source.cpp(210,2): error C3861: 'secondFinger': identifier not found
C:\Users\Admin\Desktop\Tar UC\Code\Assignment-Robot\Assignment Project\Source.cpp(212,2): error C3861: 'thirdFinger': identifier not found
C:\Users\Admin\Desktop\Tar UC\Code\Assignment-Robot\Assignment Project\Source.cpp(214,2): error C3861: 'fourthFinger': identifier not found
C:\Users\Admin\Desktop\Tar UC\Code\Assignment-Robot\Assignment Project\Source.cpp(221,28): warning C4244: 'argument': conversion from 'double' to 'GLfloat', possible loss of data
C:\Users\Admin\Desktop\Tar UC\Code\Assignment-Robot\Assignment Project\Source.cpp(222,34): warning C4244: 'argument': conversion from 'double' to 'GLfloat', possible loss of data
C:\Users\Admin\Desktop\Tar UC\Code\Assignment-Robot\Assignment Project\Source.cpp(222,20): warning C4244: 'argument': conversion from 'double' to 'GLfloat', possible loss of data
C:\Users\Admin\Desktop\Tar UC\Code\Assignment-Robot\Assignment Project\Source.cpp(223,47): warning C4244: 'argument': conversion from 'double' to 'GLfloat', possible loss of data
C:\Users\Admin\Desktop\Tar UC\Code\Assignment-Robot\Assignment Project\Source.cpp(223,34): warning C4244: 'argument': conversion from 'double' to 'GLfloat', possible loss of data
C:\Users\Admin\Desktop\Tar UC\Code\Assignment-Robot\Assignment Project\Source.cpp(223,20): warning C4244: 'argument': conversion from 'double' to 'GLfloat', possible loss of data
C:\Users\Admin\Desktop\Tar UC\Code\Assignment-Robot\Assignment Project\Source.cpp(224,41): warning C4244: 'argument': conversion from 'double' to 'GLfloat', possible loss of data
C:\Users\Admin\Desktop\Tar UC\Code\Assignment-Robot\Assignment Project\Source.cpp(224,28): warning C4244: 'argument': conversion from 'double' to 'GLfloat', possible loss of data
C:\Users\Admin\Desktop\Tar UC\Code\Assignment-Robot\Assignment Project\Source.cpp(227,34): warning C4244: 'argument': conversion from 'double' to 'GLfloat', possible loss of data
C:\Users\Admin\Desktop\Tar UC\Code\Assignment-Robot\Assignment Project\Source.cpp(228,20): warning C4244: 'argument': conversion from 'double' to 'GLfloat', possible loss of data
C:\Users\Admin\Desktop\Tar UC\Code\Assignment-Robot\Assignment Project\Source.cpp(229,41): warning C4244: 'argument': conversion from 'double' to 'GLfloat', possible loss of data
C:\Users\Admin\Desktop\Tar UC\Code\Assignment-Robot\Assignment Project\Source.cpp(229,20): warning C4244: 'argument': conversion from 'double' to 'GLfloat', possible loss of data
C:\Users\Admin\Desktop\Tar UC\Code\Assignment-Robot\Assignment Project\Source.cpp(230,47): warning C4244: 'argument': conversion from 'double' to 'GLfloat', possible loss of data
C:\Users\Admin\Desktop\Tar UC\Code\Assignment-Robot\Assignment Project\Source.cpp(230,34): warning C4244: 'argument': conversion from 'double' to 'GLfloat', possible loss of data
C:\Users\Admin\Desktop\Tar UC\Code\Assignment-Robot\Assignment Project\Source.cpp(233,28): warning C4244: 'argument': conversion from 'double' to 'GLfloat', possible loss of data
C:\Users\Admin\Desktop\Tar UC\Code\Assignment-Robot\Assignment Project\Source.cpp(235,35): warning C4244: 'argument': conversion from 'double' to 'GLfloat', possible loss of data
C:\Users\Admin\Desktop\Tar UC\Code\Assignment-Robot\Assignment Project\Source.cpp(236,41): warning C4244: 'argument': conversion from 'double' to 'GLfloat', possible loss of data
C:\Users\Admin\Desktop\Tar UC\Code\Assignment-Robot\Assignment Project\Source.cpp(236,28): warning C4244: 'argument': conversion from 'double' to 'GLfloat', possible loss of data
C:\Users\Admin\Desktop\Tar UC\Code\Assignment-Robot\Assignment Project\Source.cpp(239,34): warning C4244: 'argument': conversion from 'double' to 'GLfloat', possible loss of data
C:\Users\Admin\Desktop\Tar UC\Code\Assignment-Robot\Assignment Project\Source.cpp(239,20): warning C4244: 'argument': conversion from 'double' to 'GLfloat', possible loss of data
C:\Users\Admin\Desktop\Tar UC\Code\Assignment-Robot\Assignment Project\Source.cpp(240,20): warning C4244: 'argument': conversion from 'double' to 'GLfloat', possible loss of data
C:\Users\Admin\Desktop\Tar UC\Code\Assignment-Robot\Assignment Project\Source.cpp(241,41): warning C4244: 'argument': conversion from 'double' to 'GLfloat', possible loss of data
C:\Users\Admin\Desktop\Tar UC\Code\Assignment-Robot\Assignment Project\Source.cpp(241,20): warning C4244: 'argument': conversion from 'double' to 'GLfloat', possible loss of data
C:\Users\Admin\Desktop\Tar UC\Code\Assignment-Robot\Assignment Project\Source.cpp(242,47): warning C4244: 'argument': conversion from 'double' to 'GLfloat', possible loss of data
C:\Users\Admin\Desktop\Tar UC\Code\Assignment-Robot\Assignment Project\Source.cpp(242,34): warning C4244: 'argument': conversion from 'double' to 'GLfloat', possible loss of data
C:\Users\Admin\Desktop\Tar UC\Code\Assignment-Robot\Assignment Project\Source.cpp(242,20): warning C4244: 'argument': conversion from 'double' to 'GLfloat', possible loss of data
C:\Users\Admin\Desktop\Tar UC\Code\Assignment-Robot\Assignment Project\Source.cpp(245,41): warning C4244: 'argument': conversion from 'double' to 'GLfloat', possible loss of data
C:\Users\Admin\Desktop\Tar UC\Code\Assignment-Robot\Assignment Project\Source.cpp(245,28): warning C4244: 'argument': conversion from 'double' to 'GLfloat', possible loss of data
C:\Users\Admin\Desktop\Tar UC\Code\Assignment-Robot\Assignment Project\Source.cpp(246,47): warning C4244: 'argument': conversion from 'double' to 'GLfloat', possible loss of data
C:\Users\Admin\Desktop\Tar UC\Code\Assignment-Robot\Assignment Project\Source.cpp(246,34): warning C4244: 'argument': conversion from 'double' to 'GLfloat', possible loss of data
C:\Users\Admin\Desktop\Tar UC\Code\Assignment-Robot\Assignment Project\Source.cpp(246,20): warning C4244: 'argument': conversion from 'double' to 'GLfloat', possible loss of data
C:\Users\Admin\Desktop\Tar UC\Code\Assignment-Robot\Assignment Project\Source.cpp(247,41): warning C4244: 'argument': conversion from 'double' to 'GLfloat', possible loss of data
C:\Users\Admin\Desktop\Tar UC\Code\Assignment-Robot\Assignment Project\Source.cpp(247,20): warning C4244: 'argument': conversion from 'double' to 'GLfloat', possible loss of data
C:\Users\Admin\Desktop\Tar UC\Code\Assignment-Robot\Assignment Project\Source.cpp(248,35): warning C4244: 'argument': conversion from 'double' to 'GLfloat', possible loss of data
C:\Users\Admin\Desktop\Tar UC\Code\Assignment-Robot\Assignment Project\Source.cpp(251,28): warning C4244: 'argument': conversion from 'double' to 'GLfloat', possible loss of data
C:\Users\Admin\Desktop\Tar UC\Code\Assignment-Robot\Assignment Project\Source.cpp(252,34): warning C4244: 'argument': conversion from 'double' to 'GLfloat', possible loss of data
C:\Users\Admin\Desktop\Tar UC\Code\Assignment-Robot\Assignment Project\Source.cpp(252,20): warning C4244: 'argument': conversion from 'double' to 'GLfloat', possible loss of data
C:\Users\Admin\Desktop\Tar UC\Code\Assignment-Robot\Assignment Project\Source.cpp(253,40): warning C4305: 'argument': truncation from 'double' to 'GLfloat'
C:\Users\Admin\Desktop\Tar UC\Code\Assignment-Robot\Assignment Project\Source.cpp(259,26): warning C4305: 'argument': truncation from 'double' to 'float'
C:\Users\Admin\Desktop\Tar UC\Code\Assignment-Robot\Assignment Project\Source.cpp(261,26): warning C4305: 'argument': truncation from 'double' to 'float'
C:\Users\Admin\Desktop\Tar UC\Code\Assignment-Robot\Assignment Project\Source.cpp(263,26): warning C4305: 'argument': truncation from 'double' to 'float'
C:\Users\Admin\Desktop\Tar UC\Code\Assignment-Robot\Assignment Project\Source.cpp(267,26): warning C4305: 'argument': truncation from 'double' to 'float'
C:\Users\Admin\Desktop\Tar UC\Code\Assignment-Robot\Assignment Project\Source.cpp(269,26): warning C4305: 'argument': truncation from 'double' to 'float'
C:\Users\Admin\Desktop\Tar UC\Code\Assignment-Robot\Assignment Project\Source.cpp(271,26): warning C4305: 'argument': truncation from 'double' to 'float'
C:\Users\Admin\Desktop\Tar UC\Code\Assignment-Robot\Assignment Project\Source.cpp(275,26): warning C4305: 'argument': truncation from 'double' to 'float'
C:\Users\Admin\Desktop\Tar UC\Code\Assignment-Robot\Assignment Project\Source.cpp(277,26): warning C4305: 'argument': truncation from 'double' to 'float'
C:\Users\Admin\Desktop\Tar UC\Code\Assignment-Robot\Assignment Project\Source.cpp(279,26): warning C4305: 'argument': truncation from 'double' to 'float'
C:\Users\Admin\Desktop\Tar UC\Code\Assignment-Robot\Assignment Project\Source.cpp(283,26): warning C4305: 'argument': truncation from 'double' to 'float'
C:\Users\Admin\Desktop\Tar UC\Code\Assignment-Robot\Assignment Project\Source.cpp(285,26): warning C4305: 'argument': truncation from 'double' to 'float'
C:\Users\Admin\Desktop\Tar UC\Code\Assignment-Robot\Assignment Project\Source.cpp(287,26): warning C4305: 'argument': truncation from 'double' to 'float'
C:\Users\Admin\Desktop\Tar UC\Code\Assignment-Robot\Assignment Project\Source.cpp(313,26): warning C4305: 'argument': truncation from 'double' to 'float'
